e:\informacny-system\semestralka_1\x64\debug\vc140.pdb
e:\informacny-system\semestralka_1\x64\debug\vc140.idb
e:\informacny-system\semestralka_1\x64\debug\objednavka.obj
e:\informacny-system\semestralka_1\x64\debug\parser.obj
e:\informacny-system\semestralka_1\x64\debug\polozka.obj
e:\informacny-system\semestralka_1\x64\debug\predajna.obj
e:\informacny-system\semestralka_1\x64\debug\prikazdodavatel.obj
e:\informacny-system\semestralka_1\x64\debug\prikazdodavka.obj
e:\informacny-system\semestralka_1\x64\debug\prikazmineralnavoda.obj
e:\informacny-system\semestralka_1\x64\debug\prikazobjednavka.obj
e:\informacny-system\semestralka_1\x64\debug\prikazpomoc.obj
e:\informacny-system\semestralka_1\x64\debug\prikazprazdny.obj
e:\informacny-system\semestralka_1\x64\debug\prikazpredajna.obj
e:\informacny-system\semestralka_1\x64\debug\prikazprogram.obj
e:\informacny-system\semestralka_1\x64\debug\prikazsklad.obj
e:\informacny-system\semestralka_1\x64\debug\prikazukonci.obj
e:\informacny-system\semestralka_1\x64\debug\prikazzakaznik.obj
e:\informacny-system\semestralka_1\x64\debug\structure.obj
e:\informacny-system\semestralka_1\x64\debug\vector.obj
e:\informacny-system\semestralka_1\x64\debug\velkosklad.obj
e:\informacny-system\semestralka_1\x64\debug\zakaznik.obj
e:\informacny-system\semestralka_1\x64\debug\datum.obj
e:\informacny-system\semestralka_1\x64\debug\dodavatel.obj
e:\informacny-system\semestralka_1\x64\debug\dodavka.obj
e:\informacny-system\semestralka_1\x64\debug\dsroutines.obj
e:\informacny-system\semestralka_1\x64\debug\iprikaz.obj
e:\informacny-system\semestralka_1\x64\debug\main.obj
e:\informacny-system\semestralka_1\x64\debug\mineralna_voda.obj
e:\informacny-system\semestralka_1\x64\debug\nazvyprikazov.obj
e:\informacny-system\semestralka_1\x64\debug\system.obj
e:\informacny-system\x64\debug\informacny_system.ilk
e:\informacny-system\x64\debug\informacny_system.exe
e:\informacny-system\x64\debug\informacny_system.pdb
e:\informacny-system\semestralka_1\x64\debug\informac.75ce5ae4.tlog\cl.command.1.tlog
e:\informacny-system\semestralka_1\x64\debug\informac.75ce5ae4.tlog\cl.read.1.tlog
e:\informacny-system\semestralka_1\x64\debug\informac.75ce5ae4.tlog\cl.write.1.tlog
e:\informacny-system\semestralka_1\x64\debug\informac.75ce5ae4.tlog\link.command.1.tlog
e:\informacny-system\semestralka_1\x64\debug\informac.75ce5ae4.tlog\link.read.1.tlog
e:\informacny-system\semestralka_1\x64\debug\informac.75ce5ae4.tlog\link.write.1.tlog
